{"/home/daniele/credit-service/src/index.ts": {"path":"/home/daniele/credit-service/src/index.ts","statementMap":{"0":{"start":{"line":1,"column":0},"end":{"line":1,"column":null}},"1":{"start":{"line":10,"column":0},"end":{"line":10,"column":58}},"2":{"start":{"line":13,"column":8},"end":{"line":13,"column":37}},"3":{"start":{"line":16,"column":4},"end":{"line":16,"column":null}},"4":{"start":{"line":15,"column":2},"end":{"line":19,"column":null}},"5":{"start":{"line":18,"column":4},"end":{"line":18,"column":11}},"6":{"start":{"line":21,"column":2},"end":{"line":44,"column":null}},"7":{"start":{"line":23,"column":6},"end":{"line":31,"column":9}},"8":{"start":{"line":33,"column":6},"end":{"line":43,"column":null}},"9":{"start":{"line":34,"column":8},"end":{"line":42,"column":11}},"10":{"start":{"line":48,"column":2},"end":{"line":55,"column":4}},"11":{"start":{"line":47,"column":0},"end":{"line":47,"column":22}},"12":{"start":{"line":62,"column":10},"end":{"line":62,"column":30}},"13":{"start":{"line":63,"column":18},"end":{"line":65,"column":null}},"14":{"start":{"line":63,"column":8},"end":{"line":65,"column":null}},"15":{"start":{"line":66,"column":2},"end":{"line":66,"column":62}}},"fnMap":{"0":{"name":"businnesLogic","decl":{"start":{"line":12,"column":15},"end":{"line":12,"column":28}},"loc":{"start":{"line":12,"column":41},"end":{"line":45,"column":null}}},"1":{"name":"run","decl":{"start":{"line":47,"column":22},"end":{"line":47,"column":25}},"loc":{"start":{"line":47,"column":25},"end":{"line":56,"column":null}}},"2":{"name":"isLastMessageAfterGlobalPosition","decl":{"start":{"line":58,"column":15},"end":{"line":58,"column":47}},"loc":{"start":{"line":60,"column":18},"end":{"line":67,"column":null}}}},"branchMap":{"0":{"loc":{"start":{"line":15,"column":2},"end":{"line":19,"column":null}},"type":"if","locations":[{"start":{"line":15,"column":2},"end":{"line":19,"column":null}},{"start":{"line":15,"column":2},"end":{"line":19,"column":null}}]},"1":{"loc":{"start":{"line":22,"column":4},"end":{"line":31,"column":9}},"type":"switch","locations":[{"start":{"line":22,"column":4},"end":{"line":31,"column":9}},{"start":{"line":32,"column":4},"end":{"line":43,"column":null}}]},"2":{"loc":{"start":{"line":33,"column":6},"end":{"line":43,"column":null}},"type":"if","locations":[{"start":{"line":33,"column":6},"end":{"line":43,"column":null}},{"start":{"line":33,"column":6},"end":{"line":43,"column":null}}]},"3":{"loc":{"start":{"line":66,"column":9},"end":{"line":66,"column":16}},"type":"binary-expr","locations":[{"start":{"line":66,"column":9},"end":{"line":66,"column":16}},{"start":{"line":66,"column":20},"end":{"line":66,"column":61}}]}},"s":{"0":1,"1":1,"2":6,"3":6,"4":6,"5":2,"6":4,"7":1,"8":3,"9":1,"10":6,"11":1,"12":6,"13":6,"14":6,"15":6},"f":{"0":6,"1":6,"2":6},"b":{"0":[2,4],"1":[1,3],"2":[1,2],"3":[6,2]}}
,"/home/daniele/credit-service/src/projector.ts": {"path":"/home/daniele/credit-service/src/projector.ts","statementMap":{"0":{"start":{"line":1,"column":0},"end":{"line":1,"column":58}},"1":{"start":{"line":2,"column":0},"end":{"line":2,"column":43}},"2":{"start":{"line":6,"column":4},"end":{"line":12,"column":null}},"3":{"start":{"line":7,"column":6},"end":{"line":7,"column":36}},"4":{"start":{"line":8,"column":6},"end":{"line":8,"column":17}},"5":{"start":{"line":10,"column":6},"end":{"line":10,"column":36}},"6":{"start":{"line":11,"column":6},"end":{"line":11,"column":17}},"7":{"start":{"line":14,"column":2},"end":{"line":14,"column":73}},"8":{"start":{"line":4,"column":0},"end":{"line":4,"column":22}}},"fnMap":{"0":{"name":"runBalanceProjector","decl":{"start":{"line":4,"column":22},"end":{"line":4,"column":41}},"loc":{"start":{"line":4,"column":52},"end":{"line":15,"column":null}}},"1":{"name":"reducer","decl":{"start":{"line":5,"column":11},"end":{"line":5,"column":18}},"loc":{"start":{"line":5,"column":43},"end":{"line":13,"column":3}}}},"branchMap":{"0":{"loc":{"start":{"line":6,"column":4},"end":{"line":12,"column":null}},"type":"if","locations":[{"start":{"line":6,"column":4},"end":{"line":12,"column":null}},{"start":{"line":6,"column":4},"end":{"line":12,"column":null}}]}},"s":{"0":1,"1":1,"2":10,"3":5,"4":5,"5":5,"6":5,"7":6,"8":1},"f":{"0":6,"1":10},"b":{"0":[5,5]}}
,"/home/daniele/credit-service/src/types.ts": {"path":"/home/daniele/credit-service/src/types.ts","statementMap":{"0":{"start":{"line":3,"column":0},"end":{"line":3,"column":null}},"1":{"start":{"line":4,"column":2},"end":{"line":4,"column":null}},"2":{"start":{"line":5,"column":2},"end":{"line":5,"column":null}},"3":{"start":{"line":19,"column":0},"end":{"line":19,"column":null}},"4":{"start":{"line":20,"column":2},"end":{"line":20,"column":null}},"5":{"start":{"line":21,"column":2},"end":{"line":21,"column":null}}},"fnMap":{"0":{"name":"(anonymous_0)","decl":{"start":{"line":3,"column":0},"end":{"line":3,"column":12}},"loc":{"start":{"line":3,"column":23},"end":{"line":6,"column":1}}},"1":{"name":"(anonymous_1)","decl":{"start":{"line":19,"column":0},"end":{"line":19,"column":12}},"loc":{"start":{"line":19,"column":21},"end":{"line":22,"column":1}}}},"branchMap":{"0":{"loc":{"start":{"line":3,"column":12},"end":{"line":3,"column":23}},"type":"binary-expr","locations":[{"start":{"line":3,"column":12},"end":{"line":3,"column":23}},{"start":{"line":3,"column":12},"end":{"line":3,"column":null}}]},"1":{"loc":{"start":{"line":19,"column":12},"end":{"line":19,"column":21}},"type":"binary-expr","locations":[{"start":{"line":19,"column":12},"end":{"line":19,"column":21}},{"start":{"line":19,"column":12},"end":{"line":19,"column":null}}]}},"s":{"0":1,"1":1,"2":1,"3":1,"4":1,"5":1},"f":{"0":1,"1":1},"b":{"0":[1,1],"1":[1,1]}}
}
