{"/home/daniele/credit-service/src/index.ts": {"path":"/home/daniele/credit-service/src/index.ts","statementMap":{"0":{"start":{"line":1,"column":0},"end":{"line":1,"column":null}},"1":{"start":{"line":10,"column":0},"end":{"line":10,"column":58}},"2":{"start":{"line":14,"column":4},"end":{"line":14,"column":null}},"3":{"start":{"line":13,"column":2},"end":{"line":17,"column":null}},"4":{"start":{"line":16,"column":4},"end":{"line":16,"column":11}},"5":{"start":{"line":19,"column":2},"end":{"line":40,"column":null}},"6":{"start":{"line":21,"column":6},"end":{"line":29,"column":9}},"7":{"start":{"line":31,"column":6},"end":{"line":39,"column":9}},"8":{"start":{"line":44,"column":2},"end":{"line":58,"column":4}},"9":{"start":{"line":43,"column":0},"end":{"line":43,"column":22}},"10":{"start":{"line":65,"column":10},"end":{"line":65,"column":30}},"11":{"start":{"line":66,"column":18},"end":{"line":68,"column":null}},"12":{"start":{"line":66,"column":8},"end":{"line":68,"column":null}},"13":{"start":{"line":69,"column":2},"end":{"line":69,"column":62}}},"fnMap":{"0":{"name":"businnesLogic","decl":{"start":{"line":12,"column":15},"end":{"line":12,"column":28}},"loc":{"start":{"line":12,"column":41},"end":{"line":41,"column":null}}},"1":{"name":"run","decl":{"start":{"line":43,"column":22},"end":{"line":43,"column":25}},"loc":{"start":{"line":43,"column":25},"end":{"line":59,"column":null}}},"2":{"name":"isLastMessageAfterGlobalPosition","decl":{"start":{"line":61,"column":15},"end":{"line":61,"column":47}},"loc":{"start":{"line":63,"column":18},"end":{"line":70,"column":null}}}},"branchMap":{"0":{"loc":{"start":{"line":14,"column":4},"end":{"line":14,"column":null}},"type":"switch","locations":[{"start":{"line":14,"column":4},"end":{"line":14,"column":null}}]},"1":{"loc":{"start":{"line":13,"column":2},"end":{"line":17,"column":null}},"type":"if","locations":[{"start":{"line":13,"column":2},"end":{"line":17,"column":null}},{"start":{"line":13,"column":2},"end":{"line":17,"column":null}}]},"2":{"loc":{"start":{"line":20,"column":4},"end":{"line":29,"column":9}},"type":"switch","locations":[{"start":{"line":20,"column":4},"end":{"line":29,"column":9}},{"start":{"line":30,"column":4},"end":{"line":39,"column":9}}]},"3":{"loc":{"start":{"line":69,"column":9},"end":{"line":69,"column":16}},"type":"binary-expr","locations":[{"start":{"line":69,"column":9},"end":{"line":69,"column":16}},{"start":{"line":69,"column":20},"end":{"line":69,"column":61}}]}},"s":{"0":1,"1":1,"2":4,"3":4,"4":2,"5":2,"6":1,"7":1,"8":4,"9":1,"10":4,"11":4,"12":4,"13":4},"f":{"0":4,"1":4,"2":4},"b":{"0":[4],"1":[2,2],"2":[1,1],"3":[4,2]}}
,"/home/daniele/credit-service/src/projector.ts": {"path":"/home/daniele/credit-service/src/projector.ts","statementMap":{"0":{"start":{"line":1,"column":0},"end":{"line":1,"column":67}},"1":{"start":{"line":2,"column":0},"end":{"line":2,"column":43}},"2":{"start":{"line":6,"column":4},"end":{"line":16,"column":null}},"3":{"start":{"line":7,"column":21},"end":{"line":7,"column":48}},"4":{"start":{"line":8,"column":6},"end":{"line":8,"column":22}},"5":{"start":{"line":9,"column":6},"end":{"line":9,"column":23}},"6":{"start":{"line":10,"column":6},"end":{"line":10,"column":17}},"7":{"start":{"line":12,"column":6},"end":{"line":12,"column":36}},"8":{"start":{"line":13,"column":6},"end":{"line":13,"column":23}},"9":{"start":{"line":15,"column":6},"end":{"line":15,"column":17}},"10":{"start":{"line":18,"column":2},"end":{"line":18,"column":73}},"11":{"start":{"line":4,"column":0},"end":{"line":4,"column":22}}},"fnMap":{"0":{"name":"runBalanceProjector","decl":{"start":{"line":4,"column":22},"end":{"line":4,"column":41}},"loc":{"start":{"line":4,"column":52},"end":{"line":19,"column":null}}},"1":{"name":"reducer","decl":{"start":{"line":5,"column":11},"end":{"line":5,"column":18}},"loc":{"start":{"line":5,"column":43},"end":{"line":17,"column":3}}}},"branchMap":{"0":{"loc":{"start":{"line":6,"column":4},"end":{"line":16,"column":null}},"type":"if","locations":[{"start":{"line":6,"column":4},"end":{"line":16,"column":null}},{"start":{"line":6,"column":4},"end":{"line":16,"column":null}}]}},"s":{"0":1,"1":1,"2":9,"3":4,"4":4,"5":4,"6":4,"7":5,"8":5,"9":5,"10":4,"11":1},"f":{"0":4,"1":9},"b":{"0":[4,5]}}
,"/home/daniele/credit-service/src/types.ts": {"path":"/home/daniele/credit-service/src/types.ts","statementMap":{"0":{"start":{"line":3,"column":0},"end":{"line":3,"column":null}},"1":{"start":{"line":4,"column":2},"end":{"line":4,"column":null}},"2":{"start":{"line":5,"column":2},"end":{"line":5,"column":null}},"3":{"start":{"line":19,"column":0},"end":{"line":19,"column":null}},"4":{"start":{"line":20,"column":2},"end":{"line":20,"column":null}},"5":{"start":{"line":21,"column":2},"end":{"line":21,"column":null}}},"fnMap":{"0":{"name":"(anonymous_0)","decl":{"start":{"line":3,"column":0},"end":{"line":3,"column":12}},"loc":{"start":{"line":3,"column":23},"end":{"line":6,"column":1}}},"1":{"name":"(anonymous_1)","decl":{"start":{"line":19,"column":0},"end":{"line":19,"column":12}},"loc":{"start":{"line":19,"column":21},"end":{"line":22,"column":1}}}},"branchMap":{"0":{"loc":{"start":{"line":3,"column":12},"end":{"line":3,"column":23}},"type":"binary-expr","locations":[{"start":{"line":3,"column":12},"end":{"line":3,"column":23}},{"start":{"line":3,"column":12},"end":{"line":3,"column":null}}]},"1":{"loc":{"start":{"line":19,"column":12},"end":{"line":19,"column":21}},"type":"binary-expr","locations":[{"start":{"line":19,"column":12},"end":{"line":19,"column":21}},{"start":{"line":19,"column":12},"end":{"line":19,"column":null}}]}},"s":{"0":1,"1":1,"2":1,"3":1,"4":1,"5":1},"f":{"0":1,"1":1},"b":{"0":[1,1],"1":[1,1]}}
}
