TN:
SF:src/index.ts
FN:12,businnesLogic
FN:43,run
FN:61,isLastMessageAfterGlobalPosition
FNF:3
FNH:3
FNDA:4,businnesLogic
FNDA:4,run
FNDA:4,isLastMessageAfterGlobalPosition
DA:1,1
DA:10,1
DA:13,4
DA:14,4
DA:16,2
DA:19,2
DA:21,1
DA:31,1
DA:43,1
DA:44,4
DA:65,4
DA:66,4
DA:69,4
LF:13
LH:13
BRDA:14,0,0,4
BRDA:13,1,0,2
BRDA:13,1,1,2
BRDA:20,2,0,1
BRDA:20,2,1,1
BRDA:69,3,0,4
BRDA:69,3,1,2
BRF:7
BRH:7
end_of_record
TN:
SF:src/projector.ts
FN:4,runBalanceProjector
FN:5,reducer
FNF:2
FNH:2
FNDA:4,runBalanceProjector
FNDA:9,reducer
DA:1,1
DA:2,1
DA:4,1
DA:6,9
DA:7,4
DA:8,4
DA:9,4
DA:10,4
DA:12,5
DA:13,5
DA:15,5
DA:18,4
LF:12
LH:12
BRDA:6,0,0,4
BRDA:6,0,1,5
BRF:2
BRH:2
end_of_record
TN:
SF:src/types.ts
FN:3,(anonymous_0)
FN:19,(anonymous_1)
FNF:2
FNH:2
FNDA:1,(anonymous_0)
FNDA:1,(anonymous_1)
DA:3,1
DA:4,1
DA:5,1
DA:19,1
DA:20,1
DA:21,1
LF:6
LH:6
BRDA:3,0,0,1
BRDA:3,0,1,1
BRDA:19,1,0,1
BRDA:19,1,1,1
BRF:4
BRH:4
end_of_record
