TN:
SF:src/index.ts
FN:12,businnesLogic
FN:47,run
FN:58,isLastMessageAfterGlobalPosition
FNF:3
FNH:3
FNDA:6,businnesLogic
FNDA:6,run
FNDA:6,isLastMessageAfterGlobalPosition
DA:1,1
DA:10,1
DA:13,6
DA:15,6
DA:16,6
DA:18,2
DA:21,4
DA:23,1
DA:33,3
DA:34,1
DA:47,1
DA:48,6
DA:62,6
DA:63,6
DA:66,6
LF:15
LH:15
BRDA:15,0,0,2
BRDA:15,0,1,4
BRDA:22,1,0,1
BRDA:22,1,1,3
BRDA:33,2,0,1
BRDA:33,2,1,2
BRDA:66,3,0,6
BRDA:66,3,1,2
BRF:8
BRH:8
end_of_record
TN:
SF:src/projector.ts
FN:4,runBalanceProjector
FN:5,reducer
FNF:2
FNH:2
FNDA:6,runBalanceProjector
FNDA:10,reducer
DA:1,1
DA:2,1
DA:4,1
DA:6,10
DA:7,5
DA:8,5
DA:10,5
DA:11,5
DA:14,6
LF:9
LH:9
BRDA:6,0,0,5
BRDA:6,0,1,5
BRF:2
BRH:2
end_of_record
TN:
SF:src/types.ts
FN:3,(anonymous_0)
FN:19,(anonymous_1)
FNF:2
FNH:2
FNDA:1,(anonymous_0)
FNDA:1,(anonymous_1)
DA:3,1
DA:4,1
DA:5,1
DA:19,1
DA:20,1
DA:21,1
LF:6
LH:6
BRDA:3,0,0,1
BRDA:3,0,1,1
BRDA:19,1,0,1
BRDA:19,1,1,1
BRF:4
BRH:4
end_of_record
